#
# There is insufficient memory for the Java Runtime Environment to continue.
# Native memory allocation (mmap) failed to map 268435456 bytes for Failed to commit area from 0x0000000701c00000 to 0x0000000711c00000 of length 268435456.
# Possible reasons:
#   The system is out of physical RAM or swap space
#   The process is running with CompressedOops enabled, and the Java Heap may be blocking the growth of the native heap
# Possible solutions:
#   Reduce memory load on the system
#   Increase physical memory or swap space
#   Check if swap backing store is full
#   Decrease Java heap size (-Xmx/-Xms)
#   Decrease number of Java threads
#   Decrease Java thread stack sizes (-Xss)
#   Set larger code cache with -XX:ReservedCodeCacheSize=
#   JVM is running with Zero Based Compressed Oops mode in which the Java heap is
#     placed in the first 32GB address space. The Java Heap base address is the
#     maximum limit for the native heap growth. Please use -XX:HeapBaseMinAddress
#     to set the Java Heap base and to place the Java Heap above 32GB virtual address.
# This output file may be truncated or incomplete.
#
#  Out of Memory Error (./open/src/hotspot/os/windows/os_windows.cpp:3315), pid=8708, tid=18608
#
# JRE version:  (14.0.1+7) (build )
# Java VM: Java HotSpot(TM) 64-Bit Server VM (14.0.1+7, mixed mode, sharing, tiered, compressed oops, g1 gc, windows-amd64)
# No core dump will be written. Minidumps are not enabled by default on client versions of Windows
#

---------------  S U M M A R Y ------------

Command Line: -ea -Didea.test.cyclic.buffer.size=1048576 -javaagent:C:\Program Files\JetBrains\IntelliJ IDEA 2020.2.2\lib\idea_rt.jar=57618:C:\Program Files\JetBrains\IntelliJ IDEA 2020.2.2\bin -Dfile.encoding=UTF-8 com.intellij.rt.junit.JUnitStarter -ideVersion5 -junit5 com.phoenix.web.controllers.ProductRestControllerTest,getProductsTest

Host: Intel(R) Core(TM) i7-5600U CPU @ 2.60GHz, 4 cores, 15G,  Windows 10 , 64 bit Build 19041 (10.0.19041.1466)
Time: Fri Feb  4 16:34:12 2022 W. Central Africa Standard Time elapsed time: 0 seconds (0d 0h 0m 0s)

---------------  T H R E A D  ---------------

Current thread (0x000002329999c800):  JavaThread "Unknown thread" [_thread_in_vm, id=18608, stack(0x0000005164d00000,0x0000005164e00000)]

Stack: [0x0000005164d00000,0x0000005164e00000]
Native frames: (J=compiled Java code, j=interpreted, Vv=VM code, C=native code)
V  [jvm.dll+0x5f840a]
V  [jvm.dll+0x741e4a]
V  [jvm.dll+0x7435ff]
V  [jvm.dll+0x743c43]
V  [jvm.dll+0x20d288]
V  [jvm.dll+0x5f57ba]
V  [jvm.dll+0x5ea615]
V  [jvm.dll+0x2c7e9c]
V  [jvm.dll+0x2c7cd2]
V  [jvm.dll+0x2cdbbc]
V  [jvm.dll+0x313ff8]
V  [jvm.dll+0x313720]
V  [jvm.dll+0x2a092a]
V  [jvm.dll+0x2a1a79]
V  [jvm.dll+0x71f718]
V  [jvm.dll+0x321c44]
V  [jvm.dll+0x700b0c]
V  [jvm.dll+0x392dff]
V  [jvm.dll+0x394e71]
C  [jli.dll+0x523b]
C  [ucrtbase.dll+0x21bb2]
C  [KERNEL32.DLL+0x17034]
C  [ntdll.dll+0x52651]


---------------  P R O C E S S  ---------------

Threads class SMR info:
_java_thread_list=0x00007fff41543078, length=0, elements={
}

Java Threads: ( => current thread )

Other Threads:
  0x0000023299a01000 GCTaskThread "GC Thread#0" [stack: 0x0000005164e00000,0x0000005164f00000] [id=22752]
  0x0000023299a26000 ConcurrentGCThread "G1 Main Marker" [stack: 0x0000005164f00000,0x0000005165000000] [id=21404]
  0x0000023299a28000 ConcurrentGCThread "G1 Conc#0" [stack: 0x0000005165000000,0x0000005165100000] [id=22136]

[error occurred during error reporting (printing all threads), id 0xc0000005, EXCEPTION_ACCESS_VIOLATION (0xc0000005) at pc=0x00007fff40d71257]

VM state:not at safepoint (not fully initialized)

VM Mutex/Monitor currently owned by a thread:  ([mutex/lock_event])
[0x0000023299997700] Heap_lock - owner thread: 0x000002329999c800

Heap address: 0x0000000701c00000, size: 4068 MB, Compressed Oops mode: Zero based, Oop shift amount: 3
Narrow klass base: 0x0000000000000000, Narrow klass shift: 0

GC Heap History (0 events):
No events

Deoptimization events (0 events):
No events

Classes unloaded (0 events):
No events

Classes redefined (0 events):
No events

Internal exceptions (0 events):
No events

Events (2 events):
Event: 0.013 Loaded shared library C:\Program Files\Java\jdk-14.0.1\bin\java.dll
Event: 0.013 Loaded shared library C:\Program Files\Java\jdk-14.0.1\bin\zip.dll


Dynamic libraries:
0x00007ff7df5d0000 - 0x00007ff7df5df000 	C:\Program Files\Java\jdk-14.0.1\bin\java.exe
0x00007fff8d2f0000 - 0x00007fff8d4e5000 	C:\WINDOWS\SYSTEM32\ntdll.dll
0x00007fff8b670000 - 0x00007fff8b72e000 	C:\WINDOWS\System32\KERNEL32.DLL
0x00007fff8afb0000 - 0x00007fff8b278000 	C:\WINDOWS\System32\KERNELBASE.dll
0x00007fff8ad20000 - 0x00007fff8ae20000 	C:\WINDOWS\System32\ucrtbase.dll
0x00007fff847e0000 - 0x00007fff847f8000 	C:\Program Files\Java\jdk-14.0.1\bin\jli.dll
0x00007fff8bc80000 - 0x00007fff8bd2e000 	C:\WINDOWS\System32\ADVAPI32.dll
0x00007fff8cf40000 - 0x00007fff8cfde000 	C:\WINDOWS\System32\msvcrt.dll
0x00007fff8d000000 - 0x00007fff8d09c000 	C:\WINDOWS\System32\sechost.dll
0x00007fff8b330000 - 0x00007fff8b455000 	C:\WINDOWS\System32\RPCRT4.dll
0x00007fff8d0a0000 - 0x00007fff8d241000 	C:\WINDOWS\System32\USER32.dll
0x00007fff8aa00000 - 0x00007fff8aa22000 	C:\WINDOWS\System32\win32u.dll
0x00007fff8c910000 - 0x00007fff8c93b000 	C:\WINDOWS\System32\GDI32.dll
0x00007fff8ab20000 - 0x00007fff8ac2d000 	C:\WINDOWS\System32\gdi32full.dll
0x00007fff8aa80000 - 0x00007fff8ab1d000 	C:\WINDOWS\System32\msvcp_win.dll
0x00007fff828e0000 - 0x00007fff828f5000 	C:\Program Files\Java\jdk-14.0.1\bin\VCRUNTIME140.dll
0x00007fff7d8b0000 - 0x00007fff7db4a000 	C:\WINDOWS\WinSxS\amd64_microsoft.windows.common-controls_6595b64144ccf1df_6.0.19041.1110_none_60b5254171f9507e\COMCTL32.dll
0x00007fff81f00000 - 0x00007fff81f0a000 	C:\WINDOWS\SYSTEM32\VERSION.dll
0x00007fff8c940000 - 0x00007fff8c970000 	C:\WINDOWS\System32\IMM32.DLL
0x00007fff73390000 - 0x00007fff7342b000 	C:\Program Files\Java\jdk-14.0.1\bin\msvcp140.dll
0x00007fff40ac0000 - 0x00007fff415de000 	C:\Program Files\Java\jdk-14.0.1\bin\server\jvm.dll
0x00007fff8b730000 - 0x00007fff8b738000 	C:\WINDOWS\System32\PSAPI.DLL
0x00007fff78fa0000 - 0x00007fff78fa9000 	C:\WINDOWS\SYSTEM32\WSOCK32.dll
0x00007fff8b570000 - 0x00007fff8b5db000 	C:\WINDOWS\System32\WS2_32.dll
0x00007fff7dee0000 - 0x00007fff7df07000 	C:\WINDOWS\SYSTEM32\WINMM.dll
0x00007fff89280000 - 0x00007fff89292000 	C:\WINDOWS\SYSTEM32\kernel.appcore.dll
0x00007fff847d0000 - 0x00007fff847da000 	C:\Program Files\Java\jdk-14.0.1\bin\jimage.dll
0x00007fff887e0000 - 0x00007fff889c4000 	C:\WINDOWS\SYSTEM32\DBGHELP.DLL
0x00007fff84300000 - 0x00007fff8432c000 	C:\WINDOWS\SYSTEM32\dbgcore.DLL
0x00007fff8ac30000 - 0x00007fff8acb2000 	C:\WINDOWS\System32\bcryptPrimitives.dll
0x00007fff85820000 - 0x00007fff8582e000 	C:\Program Files\Java\jdk-14.0.1\bin\instrument.dll
0x00007fff77550000 - 0x00007fff77575000 	C:\Program Files\Java\jdk-14.0.1\bin\java.dll
0x00007fff828c0000 - 0x00007fff828d6000 	C:\Program Files\Java\jdk-14.0.1\bin\zip.dll

dbghelp: loaded successfully - version: 4.0.5 - missing functions: none
symbol engine: initialized successfully - sym options: 0x614 - pdb path: .;C:\Program Files\Java\jdk-14.0.1\bin;C:\WINDOWS\SYSTEM32;C:\WINDOWS\WinSxS\amd64_microsoft.windows.common-controls_6595b64144ccf1df_6.0.19041.1110_none_60b5254171f9507e;C:\Program Files\Java\jdk-14.0.1\bin\server

VM Arguments:
jvm_args: -ea -Didea.test.cyclic.buffer.size=1048576 -javaagent:C:\Program Files\JetBrains\IntelliJ IDEA 2020.2.2\lib\idea_rt.jar=57618:C:\Program Files\JetBrains\IntelliJ IDEA 2020.2.2\bin -Dfile.encoding=UTF-8 
java_command: com.intellij.rt.junit.JUnitStarter -ideVersion5 -junit5 com.phoenix.web.controllers.ProductRestControllerTest,getProductsTest
java_class_path (initial): C:\Program Files\JetBrains\IntelliJ IDEA 2020.2.2\lib\idea_rt.jar;C:\Program Files\JetBrains\IntelliJ IDEA 2020.2.2\plugins\junit\lib\junit5-rt.jar;C:\Program Files\JetBrains\IntelliJ IDEA 2020.2.2\plugins\junit\lib\junit-rt.jar;C:\Dev\phoenix\target\test-classes;C:\Dev\phoenix\target\classes;C:\Users\USCHIP\.m2\repository\com\github\java-json-tools\json-patch\1.13\json-patch-1.13.jar;C:\Users\USCHIP\.m2\repository\com\fasterxml\jackson\core\jackson-databind\2.13.1\jackson-databind-2.13.1.jar;C:\Users\USCHIP\.m2\repository\com\fasterxml\jackson\core\jackson-annotations\2.13.1\jackson-annotations-2.13.1.jar;C:\Users\USCHIP\.m2\repository\com\fasterxml\jackson\core\jackson-core\2.13.1\jackson-core-2.13.1.jar;C:\Users\USCHIP\.m2\repository\com\github\java-json-tools\msg-simple\1.2\msg-simple-1.2.jar;C:\Users\USCHIP\.m2\repository\com\github\java-json-tools\btf\1.3\btf-1.3.jar;C:\Users\USCHIP\.m2\repository\com\google\code\findbugs\jsr305\2.0.1\jsr305-2.0.1.jar;C:\Users\USCHIP\.m2\repository\com\github\java-json-tools\jackson-coreutils\2.0\jackson-coreutils-2.0.jar;C:\Users\USCHIP\.m2\repository\org\json\json\20211205\json-20211205.jar;C:\Users\USCHIP\.m2\repository\javax\json\javax.json-api\1.1.4\javax.json-api-1.1.4.jar;C:\Users\USCHIP\.m2\repository\org\springframework\boot\spring-boot-starter-data-jpa\2.6.3\spring-boot-starter-data-jpa-2.6.3.jar;C:\Users\USCHIP\.m2\repository\org\springframework\boot\spring-boot-starter-aop\2.6.3\spring-boot-starter-aop-2.6.3.jar;C:\Users\USCHIP\.m2\repository\org\springframework\spring-aop\5.3.15\spring-aop-5.3.15.jar;C:\Users\USCHIP\.m2\repository\org\aspectj\aspectjweaver\1.9.7\aspectjweaver-1.9.7.jar;C:\Users\USCHIP\.m2\repository\jakarta\transaction\jakarta.transaction-api\1.3.3\jakarta.transaction-api-1.3.3.jar;C:\Users\USCHIP\.m2\repository\jakarta\persistence\jakarta.persistence-api\2.2.3\jakarta.persistence-api-2.2.3.jar;C:\Users\USCHIP\.m2\repository\org\hibernate\hibernate-core\5.6.4.Final\hib
Launcher Type: SUN_STANDARD

[Global flags]
     intx CICompilerCount                          = 3                                         {product} {ergonomic}
     uint ConcGCThreads                            = 1                                         {product} {ergonomic}
     uint G1ConcRefinementThreads                  = 4                                         {product} {ergonomic}
   size_t G1HeapRegionSize                         = 1048576                                   {product} {ergonomic}
    uintx GCDrainStackTargetSize                   = 64                                        {product} {ergonomic}
   size_t InitialHeapSize                          = 268435456                                 {product} {ergonomic}
   size_t MarkStackSize                            = 4194304                                   {product} {ergonomic}
   size_t MaxHeapSize                              = 4265607168                                {product} {ergonomic}
   size_t MinHeapDeltaBytes                        = 1048576                                   {product} {ergonomic}
   size_t MinHeapSize                              = 8388608                                   {product} {ergonomic}
    uintx NonNMethodCodeHeapSize                   = 5832780                                {pd product} {ergonomic}
    uintx NonProfiledCodeHeapSize                  = 122912730                              {pd product} {ergonomic}
    uintx ProfiledCodeHeapSize                     = 122912730                              {pd product} {ergonomic}
    uintx ReservedCodeCacheSize                    = 251658240                              {pd product} {ergonomic}
     bool SegmentedCodeCache                       = true                                      {product} {ergonomic}
   size_t SoftMaxHeapSize                          = 4265607168                             {manageable} {ergonomic}
     bool UseCompressedClassPointers               = true                                 {lp64_product} {ergonomic}
     bool UseCompressedOops                        = true                                 {lp64_product} {ergonomic}
     bool UseG1GC                                  = true                                      {product} {ergonomic}
     bool UseLargePagesIndividualAllocation        = false                                  {pd product} {ergonomic}

Logging:
Log output configuration:
 #0: stdout all=warning uptime,level,tags
 #1: stderr all=off uptime,level,tags

Environment Variables:
JAVA_HOME=C:\Program Files\Java\jdk-14.0.1
PATH=C:\WINDOWS\system32;C:\WINDOWS;C:\WINDOWS\System32\Wbem;C:\WINDOWS\System32\WindowsPowerShell\v1.0\;C:\WINDOWS\System32\OpenSSH\;C:\Setup files\apache-maven-3.6.3\bin;C:\Program Files\Git\cmd;C:\Dev\installations\chromedriver;C:\Program Files\nodejs\;C:\Program Files\Java\jdk-14.0.1\bin;C:\Program Files\MySQL\MySQL Shell 8.0\bin\;C:\Users\USCHIP\AppData\Local\Programs\Python\Python38\Scripts\;C:\Users\USCHIP\AppData\Local\Programs\Python\Python38\;C:\Program Files\nodejs\;C:\Users\USCHIP\AppData\Local\Microsoft\WindowsApps;C:\Program Files\heroku\bin;C:\Program Files\JetBrains\PyCharm 2020.2.1\bin;;C:\Users\USCHIP\AppData\Local\Programs\Microsoft VS Code\bin;C:\Users\USCHIP\AppData\Roaming\npm;C:\Program Files\JetBrains\IntelliJ IDEA Community Edition 2021.3.1\bin;
USERNAME=USCHIP
OS=Windows_NT
PROCESSOR_IDENTIFIER=Intel64 Family 6 Model 61 Stepping 4, GenuineIntel



---------------  S Y S T E M  ---------------

OS: Windows 10 , 64 bit Build 19041 (10.0.19041.1466)
OS uptime: 5 days 0:26 hours

CPU:total 4 (initial active 4) (2 cores per cpu, 2 threads per core) family 6 model 61 stepping 4, cmov, cx8, fxsr, mmx, sse, sse2, sse3, ssse3, sse4.1, sse4.2, popcnt, avx, avx2, aes, clmul, erms, rtm, 3dnowpref, lzcnt, ht, tsc, tscinvbit, bmi1, bmi2, adx, fma

Memory: 4k page, system-wide physical 16264M (4475M free)
TotalPageFile size 26221M (AvailPageFile size 116M)
current process WorkingSet (physical memory assigned to process): 10M, peak: 10M
current process commit charge ("private bytes"): 52M, peak: 308M

vm_info: Java HotSpot(TM) 64-Bit Server VM (14.0.1+7) for windows-amd64 JRE (14.0.1+7), built on Mar  5 2020 10:30:14 by "mach5one" with MS VC++ 15.9 (VS2017)

END.
